Performing C SOURCE FILE Test CMAKE_HAVE_LIBC_PTHREAD failed with the following output:
Change Dir: /Tinker_sber_jetson/sim2sim_lcm/build/CMakeFiles/CMakeTmp

Run Build Command(s):/usr/bin/make -f Makefile cmTC_6832e/fast && /usr/bin/make  -f CMakeFiles/cmTC_6832e.dir/build.make CMakeFiles/cmTC_6832e.dir/build
make[1]: Entering directory '/Tinker_sber_jetson/sim2sim_lcm/build/CMakeFiles/CMakeTmp'
Building C object CMakeFiles/cmTC_6832e.dir/src.c.o
/usr/bin/cc -DCMAKE_HAVE_LIBC_PTHREAD  -fPIC  -o CMakeFiles/cmTC_6832e.dir/src.c.o -c /Tinker_sber_jetson/sim2sim_lcm/build/CMakeFiles/CMakeTmp/src.c
Linking C executable cmTC_6832e
/usr/bin/cmake -E cmake_link_script CMakeFiles/cmTC_6832e.dir/link.txt --verbose=1
/usr/bin/cc -fPIC  CMakeFiles/cmTC_6832e.dir/src.c.o -o cmTC_6832e 
CMakeFiles/cmTC_6832e.dir/src.c.o: In function `main':
src.c:(.text+0x48): undefined reference to `pthread_create'
src.c:(.text+0x50): undefined reference to `pthread_detach'
src.c:(.text+0x58): undefined reference to `pthread_cancel'
src.c:(.text+0x64): undefined reference to `pthread_join'
src.c:(.text+0x74): undefined reference to `pthread_atfork'
collect2: error: ld returned 1 exit status
CMakeFiles/cmTC_6832e.dir/build.make:98: recipe for target 'cmTC_6832e' failed
make[1]: *** [cmTC_6832e] Error 1
make[1]: Leaving directory '/Tinker_sber_jetson/sim2sim_lcm/build/CMakeFiles/CMakeTmp'
Makefile:127: recipe for target 'cmTC_6832e/fast' failed
make: *** [cmTC_6832e/fast] Error 2


Source file was:
#include <pthread.h>

static void* test_func(void* data)
{
  return data;
}

int main(void)
{
  pthread_t thread;
  pthread_create(&thread, NULL, test_func, NULL);
  pthread_detach(thread);
  pthread_cancel(thread);
  pthread_join(thread, NULL);
  pthread_atfork(NULL, NULL, NULL);
  pthread_exit(NULL);

  return 0;
}

Determining if the function pthread_create exists in the pthreads failed with the following output:
Change Dir: /Tinker_sber_jetson/sim2sim_lcm/build/CMakeFiles/CMakeTmp

Run Build Command(s):/usr/bin/make -f Makefile cmTC_7fa71/fast && /usr/bin/make  -f CMakeFiles/cmTC_7fa71.dir/build.make CMakeFiles/cmTC_7fa71.dir/build
make[1]: Entering directory '/Tinker_sber_jetson/sim2sim_lcm/build/CMakeFiles/CMakeTmp'
Building C object CMakeFiles/cmTC_7fa71.dir/CheckFunctionExists.c.o
/usr/bin/cc   -fPIC -DCHECK_FUNCTION_EXISTS=pthread_create -o CMakeFiles/cmTC_7fa71.dir/CheckFunctionExists.c.o -c /usr/share/cmake-3.22/Modules/CheckFunctionExists.c
Linking C executable cmTC_7fa71
/usr/bin/cmake -E cmake_link_script CMakeFiles/cmTC_7fa71.dir/link.txt --verbose=1
/usr/bin/cc -fPIC -DCHECK_FUNCTION_EXISTS=pthread_create CMakeFiles/cmTC_7fa71.dir/CheckFunctionExists.c.o -o cmTC_7fa71  -lpthreads 
/usr/bin/ld: cannot find -lpthreads
collect2: error: ld returned 1 exit status
CMakeFiles/cmTC_7fa71.dir/build.make:98: recipe for target 'cmTC_7fa71' failed
make[1]: *** [cmTC_7fa71] Error 1
make[1]: Leaving directory '/Tinker_sber_jetson/sim2sim_lcm/build/CMakeFiles/CMakeTmp'
Makefile:127: recipe for target 'cmTC_7fa71/fast' failed
make: *** [cmTC_7fa71/fast] Error 2



